<?xml version="1.0" encoding="UTF-8"?>
<robot generator="Robot 3.2.2 (Python 3.9.5 on win32)" generated="20210607 22:01:20.723" rpa="false">
<suite id="s1" name="customPython" source="C:\Users\hainv26\Documents\robotframeworkProject\customPython">
<suite id="s1-s1" name="Test" source="C:\Users\hainv26\Documents\robotframeworkProject\customPython\test.robot">
<test id="s1-s1-t1" name="demo webdriver manager using robotframework">
<kw name="Get Driver Path With Browser" library="Mycode">
<arguments>
<arg>Firefox</arg>
</arguments>
<assign>
<var>${driver_path}</var>
</assign>
<msg timestamp="20210607 22:01:20.988" level="INFO">
</msg>
<msg timestamp="20210607 22:01:20.988" level="INFO">====== WebDriver manager ======</msg>
<msg timestamp="20210607 22:01:21.172" level="INFO">Current firefox version is 89.0</msg>
<msg timestamp="20210607 22:01:21.172" level="INFO">Get LATEST driver version for 89.0</msg>
<msg timestamp="20210607 22:01:21.588" level="INFO">Driver [C:\Users\hainv26\.wdm\drivers\geckodriver\win64\v0.29.1\geckodriver.exe] found in cache</msg>
<msg timestamp="20210607 22:01:21.588" level="INFO">C:\Users\hainv26\.wdm\drivers\geckodriver\win64\v0.29.1\geckodriver.exe</msg>
<msg timestamp="20210607 22:01:21.588" level="INFO">====== WebDriver manager ======
Current firefox version is 89.0
Get LATEST driver version for 89.0
Driver [C:\Users\hainv26\.wdm\drivers\geckodriver\win64\v0.29.1\geckodriver.exe] found in cache</msg>
<msg timestamp="20210607 22:01:21.589" level="INFO">${driver_path} = C:\Users\hainv26\.wdm\drivers\geckodriver\win64\v0.29.1\geckodriver.exe</msg>
<status status="PASS" starttime="20210607 22:01:20.987" endtime="20210607 22:01:21.589"></status>
</kw>
<kw name="Open Browser" library="SeleniumLibrary">
<doc>Opens a new browser instance to the optional ``url``.</doc>
<arguments>
<arg>https://pypi.org/project/webdriver-manager/</arg>
<arg>firefox</arg>
<arg>executable_path=${driver_path}</arg>
</arguments>
<msg timestamp="20210607 22:01:21.590" level="INFO">Opening browser 'firefox' to base url 'https://pypi.org/project/webdriver-manager/'.</msg>
<msg timestamp="20210607 22:01:21.591" level="INFO">Firefox driver log is always forced to to: C:\Users\hainv26\Documents\robotframeworkProject\customPython\geckodriver-1.log</msg>
<status status="PASS" starttime="20210607 22:01:21.589" endtime="20210607 22:01:30.642"></status>
</kw>
<kw name="Go To" library="SeleniumLibrary">
<doc>Navigates the current browser window to the provided ``url``.</doc>
<arguments>
<arg>https://pypi.org/project/webdriver-manager/</arg>
</arguments>
<msg timestamp="20210607 22:01:30.643" level="INFO">Opening url 'https://pypi.org/project/webdriver-manager/'</msg>
<status status="PASS" starttime="20210607 22:01:30.642" endtime="20210607 22:01:31.093"></status>
</kw>
<kw name="Close Browser" library="SeleniumLibrary">
<doc>Closes the current browser.</doc>
<status status="PASS" starttime="20210607 22:01:31.093" endtime="20210607 22:01:31.599"></status>
</kw>
<status status="PASS" starttime="20210607 22:01:20.987" endtime="20210607 22:01:31.599" critical="yes"></status>
</test>
<status status="PASS" starttime="20210607 22:01:20.771" endtime="20210607 22:01:31.600"></status>
</suite>
<status status="PASS" starttime="20210607 22:01:20.753" endtime="20210607 22:01:31.601"></status>
</suite>
<statistics>
<total>
<stat pass="1" fail="0">Critical Tests</stat>
<stat pass="1" fail="0">All Tests</stat>
</total>
<tag>
</tag>
<suite>
<stat pass="1" fail="0" id="s1" name="customPython">customPython</stat>
<stat pass="1" fail="0" id="s1-s1" name="Test">customPython.Test</stat>
</suite>
</statistics>
<errors>
</errors>
</robot>
